<?xml version="1.0" encoding="UTF-8"?>
<!-- Generated by org.testng.reporters.JUnitXMLReporter -->
<testsuite ignored="0" hostname="VENKIVITAL-PC" failures="1" tests="1" name="my name" time="6.406" errors="0" timestamp="2024-03-20T00:26:02 IST">
  <testcase classname="com.TestNGDemos.D07Parameterization" name="@AfterMethod afterMethod" time="0.001">
    <failure type="java.lang.NullPointerException" message="Cannot invoke &amp;quot;org.openqa.selenium.WebDriver.findElement(org.openqa.selenium.By)&amp;quot; because &amp;quot;this.driver&amp;quot; is null">
      <![CDATA[java.lang.NullPointerException: Cannot invoke "org.openqa.selenium.WebDriver.findElement(org.openqa.selenium.By)" because "this.driver" is null
at com.TestNGDemos.D07Parameterization.afterMethod(D07Parameterization.java:27)
at java.base/java.util.ArrayList.forEach(ArrayList.java:1511)
... Removed 32 stack frames]]>
    </failure>
  </testcase> <!-- @AfterMethod afterMethod -->
  <testcase classname="com.TestNGDemos.D07Parameterization" name="@AfterTest afterTest" time="-1.710874562542E9">
    <skipped/>
  </testcase> <!-- @AfterTest afterTest -->
  <testcase classname="com.TestNGDemos.D07Parameterization" name="login" time="0.012">
    <failure type="java.lang.NullPointerException" message="Cannot invoke &amp;quot;org.openqa.selenium.WebDriver.findElement(org.openqa.selenium.By)&amp;quot; because &amp;quot;this.driver&amp;quot; is null">
      <![CDATA[java.lang.NullPointerException: Cannot invoke "org.openqa.selenium.WebDriver.findElement(org.openqa.selenium.By)" because "this.driver" is null
at com.TestNGDemos.D07Parameterization.login(D07Parameterization.java:21)
at java.base/java.util.ArrayList.forEach(ArrayList.java:1511)
... Removed 27 stack frames]]>
    </failure>
  </testcase> <!-- login -->
</testsuite> <!-- my name -->
