<?xml version="1.0" encoding="UTF-8"?>
<!-- Generated by org.testng.reporters.JUnitXMLReporter -->
<testsuite ignored="2" hostname="VENKIVITAL-PC" failures="0" tests="3" name="myTest" time="17.892" errors="0" timestamp="2024-03-19T20:35:07 IST">
  <testcase classname="com.TestNGDemos.D04BeofreAfter_Method" name="openMeeshow" time="3.699"/>
  <testcase classname="com.TestNGDemos.D04BeofreAfter_Method" name="openMyntra" time="4.413"/>
  <testcase classname="com.TestNGDemos.D04BeofreAfter_Method" name="openBewakoof" time="3.451"/>
  <testcase classname="com.TestNGDemos.D04BeofreAfter_Method" name="openZepto" time="0.0">
    <ignored/>
  </testcase> <!-- openZepto -->
  <testcase classname="com.TestNGDemos.D04BeofreAfter_Method" name="openNykaa" time="0.0">
    <ignored/>
  </testcase> <!-- openNykaa -->
</testsuite> <!-- myTest -->
