<?xml version="1.0" encoding="UTF-8"?>
<testng-results ignored="0" total="1" passed="1" failed="0" skipped="0">
  <reporter-output>
  </reporter-output>
  <suite started-at="2024-04-04T01:04:25 IST" name="Default suite" finished-at="2024-04-04T01:04:56 IST" duration-ms="30376">
    <groups>
    </groups>
    <test started-at="2024-04-04T01:04:25 IST" name="Default test" finished-at="2024-04-04T01:04:56 IST" duration-ms="30376">
      <class name="com.TestNGDemos.D09POMClient">
        <test-method is-config="true" signature="beforeTest()[pri:0, instance:com.TestNGDemos.D09POMClient@3835c46]" started-at="2024-04-04T01:04:25 IST" name="beforeTest" finished-at="2024-04-04T01:04:53 IST" duration-ms="27478" status="PASS">
          <reporter-output>
          </reporter-output>
        </test-method> <!-- beforeTest -->
        <test-method signature="login()[pri:0, instance:com.TestNGDemos.D09POMClient@3835c46]" started-at="2024-04-04T01:04:53 IST" name="login" finished-at="2024-04-04T01:04:54 IST" duration-ms="1444" status="PASS">
          <reporter-output>
          </reporter-output>
        </test-method> <!-- login -->
        <test-method is-config="true" signature="logout()[pri:0, instance:com.TestNGDemos.D09POMClient@3835c46]" started-at="2024-04-04T01:04:54 IST" name="logout" finished-at="2024-04-04T01:04:55 IST" duration-ms="1112" status="PASS">
          <reporter-output>
          </reporter-output>
        </test-method> <!-- logout -->
        <test-method is-config="true" signature="afterTest()[pri:0, instance:com.TestNGDemos.D09POMClient@3835c46]" started-at="2024-04-04T01:04:55 IST" name="afterTest" finished-at="2024-04-04T01:04:56 IST" duration-ms="270" status="PASS">
          <reporter-output>
          </reporter-output>
        </test-method> <!-- afterTest -->
      </class> <!-- com.TestNGDemos.D09POMClient -->
    </test> <!-- Default test -->
  </suite> <!-- Default suite -->
</testng-results>
